info: ::1 - - [10/Feb/2025:05:30:43 +0000] "GET /api/v1 HTTP/1.1" 200 9 "-" "PostmanRuntime/7.43.0"

info: ::1 - - [10/Feb/2025:05:30:55 +0000] "GET /api/v1/users HTTP/1.1" 200 65 "-" "PostmanRuntime/7.43.0"

info: ::1 - - [10/Feb/2025:05:40:40 +0000] "POST /api/v1/users HTTP/1.1" 201 195 "-" "PostmanRuntime/7.43.0"

info: ::1 - - [10/Feb/2025:05:42:07 +0000] "POST /api/v1/users HTTP/1.1" 201 194 "-" "PostmanRuntime/7.43.0"

info: ::1 - - [10/Feb/2025:05:42:10 +0000] "GET /api/v1/users HTTP/1.1" 200 339 "-" "PostmanRuntime/7.43.0"

info: ::1 - - [10/Feb/2025:05:43:09 +0000] "PUT /api/v1/users/67a99158b47d1324e0e017b2 HTTP/1.1" 202 195 "-" "PostmanRuntime/7.43.0"

info: ::1 - - [10/Feb/2025:05:43:41 +0000] "GET /api/v1/users/67a99158b47d1324e0e017b2 HTTP/1.1" 400 56 "-" "PostmanRuntime/7.43.0"

info: ::1 - - [10/Feb/2025:05:43:50 +0000] "GET /api/v1/users/67a99158b47d1324e0e017b2 HTTP/1.1" 400 56 "-" "PostmanRuntime/7.43.0"

info: ::1 - - [10/Feb/2025:05:43:56 +0000] "GET /api/v1/users/67a99158b47d1324e0e017b2 HTTP/1.1" 400 56 "-" "PostmanRuntime/7.43.0"

info: ::1 - - [10/Feb/2025:05:44:25 +0000] "GET /api/v1/users/67a99158b47d1324e0e017b2 HTTP/1.1" 200 195 "-" "PostmanRuntime/7.43.0"

info: ::1 - - [10/Feb/2025:05:45:06 +0000] "DELETE /api/v1/users/67a99158b47d1324e0e017b2 HTTP/1.1" 200 60 "-" "PostmanRuntime/7.43.0"

info: ::1 - - [10/Feb/2025:05:45:09 +0000] "GET /api/v1/users HTTP/1.1" 200 201 "-" "PostmanRuntime/7.43.0"

info: ::1 - - [10/Feb/2025:09:21:53 +0000] "POST /api/v1/users HTTP/1.1" 500 59 "-" "PostmanRuntime/7.43.0"

info: ::1 - - [10/Feb/2025:09:22:06 +0000] "POST /api/v1/users HTTP/1.1" 500 59 "-" "PostmanRuntime/7.43.0"

info: ::1 - - [10/Feb/2025:09:22:24 +0000] "POST /api/v1/users HTTP/1.1" 500 59 "-" "PostmanRuntime/7.43.0"

info: ::1 - - [10/Feb/2025:09:22:58 +0000] "POST /api/v1/users/register HTTP/1.1" 404 47 "-" "PostmanRuntime/7.43.0"

info: ::1 - - [10/Feb/2025:09:25:34 +0000] "POST /api/v1/users/register HTTP/1.1" 500 64 "-" "PostmanRuntime/7.43.0"

info: ::1 - - [10/Feb/2025:09:25:41 +0000] "POST /api/v1/users/register HTTP/1.1" 500 143 "-" "PostmanRuntime/7.43.0"

info: ::1 - - [10/Feb/2025:09:26:22 +0000] "POST /api/v1/users/register HTTP/1.1" 500 143 "-" "PostmanRuntime/7.43.0"

info: ::1 - - [10/Feb/2025:09:26:25 +0000] "POST /api/v1/users/register HTTP/1.1" 500 144 "-" "PostmanRuntime/7.43.0"

info: ::1 - - [10/Feb/2025:09:41:13 +0000] "POST /api/v1/users/register HTTP/1.1" 500 144 "-" "PostmanRuntime/7.43.0"

info: ::1 - - [10/Feb/2025:09:41:21 +0000] "POST /api/v1/users/register HTTP/1.1" 500 144 "-" "PostmanRuntime/7.43.0"

info: ::1 - - [10/Feb/2025:09:42:06 +0000] "POST /api/v1/users/register HTTP/1.1" 500 144 "-" "PostmanRuntime/7.43.0"

info: ::1 - - [10/Feb/2025:09:42:23 +0000] "POST /api/v1/users/register HTTP/1.1" 500 144 "-" "PostmanRuntime/7.43.0"

info: ::1 - - [10/Feb/2025:09:42:39 +0000] "POST /api/v1/users/register HTTP/1.1" 500 143 "-" "PostmanRuntime/7.43.0"

info: ::1 - - [10/Feb/2025:09:44:35 +0000] "POST /api/v1/users/ HTTP/1.1" 404 47 "-" "PostmanRuntime/7.43.0"

info: ::1 - - [10/Feb/2025:09:44:38 +0000] "POST /api/v1/users/register HTTP/1.1" 500 143 "-" "PostmanRuntime/7.43.0"

info: ::1 - - [10/Feb/2025:09:50:14 +0000] "POST /api/v1/users/register HTTP/1.1" 500 66 "-" "PostmanRuntime/7.43.0"

info: ::1 - - [10/Feb/2025:09:50:54 +0000] "POST /api/v1/users/register HTTP/1.1" 500 66 "-" "PostmanRuntime/7.43.0"

info: ::1 - - [10/Feb/2025:09:51:04 +0000] "POST /api/v1/users/register HTTP/1.1" 500 66 "-" "PostmanRuntime/7.43.0"

info: ::1 - - [10/Feb/2025:09:51:40 +0000] "POST /api/v1/users/register HTTP/1.1" 500 126 "-" "PostmanRuntime/7.43.0"

info: ::1 - - [10/Feb/2025:09:53:46 +0000] "POST /api/v1/users/register HTTP/1.1" 500 126 "-" "PostmanRuntime/7.43.0"

info: ::1 - - [10/Feb/2025:09:54:10 +0000] "POST /api/v1/users/register HTTP/1.1" 500 126 "-" "PostmanRuntime/7.43.0"

info: ::1 - - [10/Feb/2025:09:56:04 +0000] "POST /api/v1/users/register HTTP/1.1" 400 126 "-" "PostmanRuntime/7.43.0"

info: ::1 - - [10/Feb/2025:09:56:17 +0000] "POST /api/v1/users/register HTTP/1.1" 500 33 "-" "PostmanRuntime/7.43.0"

info: ::1 - - [10/Feb/2025:09:57:31 +0000] "POST /api/v1/users/register HTTP/1.1" 201 49 "-" "PostmanRuntime/7.43.0"

info: ::1 - - [10/Feb/2025:09:58:29 +0000] "POST /api/v1/users/register HTTP/1.1" 500 43 "-" "PostmanRuntime/7.43.0"

info: ::1 - - [10/Feb/2025:09:59:56 +0000] "POST /api/v1/users/register HTTP/1.1" 201 284 "-" "PostmanRuntime/7.43.0"

info: ::1 - - [10/Feb/2025:10:06:30 +0000] "POST /api/v1/users/register HTTP/1.1" 400 60 "-" "PostmanRuntime/7.43.0"

info: ::1 - - [10/Feb/2025:10:14:51 +0000] "POST /api/v1/users/register HTTP/1.1" 400 60 "-" "PostmanRuntime/7.43.0"

info: ::1 - - [10/Feb/2025:10:15:13 +0000] "POST /api/v1/users/register HTTP/1.1" 201 288 "-" "PostmanRuntime/7.43.0"

info: ::1 - - [10/Feb/2025:10:16:33 +0000] "POST /api/v1/users/register HTTP/1.1" 201 299 "-" "PostmanRuntime/7.43.0"

info: ::1 - - [10/Feb/2025:10:18:03 +0000] "POST /api/v1/users/register HTTP/1.1" 500 43 "-" "PostmanRuntime/7.43.0"

info: ::1 - - [10/Feb/2025:10:18:17 +0000] "POST /api/v1/users/register HTTP/1.1" 400 33 "-" "PostmanRuntime/7.43.0"

info: ::1 - - [10/Feb/2025:10:18:35 +0000] "POST /api/v1/users/register HTTP/1.1" 400 44 "-" "PostmanRuntime/7.43.0"

