info: Server started at http://localhost:3000/api/v1/ {"timestamp":"2025-02-10T04:30:08.397Z"}
info: Connected to the database. {"timestamp":"2025-02-10T04:30:08.412Z"}
error: 
      status - 400
      message - Authorization token is required 
      url - /api/v1/users/67a99158b47d1324e0e017b2 
      method - GET 
      IP - ::1
     {"timestamp":"2025-02-10T05:43:41.925Z"}
error: 
      status - 400
      message - Authorization token is required 
      url - /api/v1/users/67a99158b47d1324e0e017b2 
      method - GET 
      IP - ::1
     {"timestamp":"2025-02-10T05:43:50.498Z"}
error: 
      status - 400
      message - Authorization token is required 
      url - /api/v1/users/67a99158b47d1324e0e017b2 
      method - GET 
      IP - ::1
     {"timestamp":"2025-02-10T05:43:56.098Z"}
info: Server started at http://localhost:3000/api/v1/ {"timestamp":"2025-02-10T05:44:07.156Z"}
info: Connected to the database. {"timestamp":"2025-02-10T05:44:07.176Z"}
info: Server started at http://localhost:3000/api/v1/ {"timestamp":"2025-02-10T05:44:23.218Z"}
info: Connected to the database. {"timestamp":"2025-02-10T05:44:23.261Z"}
error: 
    status - 500 
    message - ValidationError: "email" is not allowed 
    url - /api/v1/users 
    method - POST 
    IP - ::1
   {"timestamp":"2025-02-10T09:21:53.380Z"}
error: 
    status - 500 
    message - ValidationError: "email" is not allowed 
    url - /api/v1/users 
    method - POST 
    IP - ::1
   {"timestamp":"2025-02-10T09:22:06.739Z"}
error: 
    status - 500 
    message - ValidationError: "email" is not allowed 
    url - /api/v1/users 
    method - POST 
    IP - ::1
   {"timestamp":"2025-02-10T09:22:24.451Z"}
info: Connected to the database. {"timestamp":"2025-02-10T09:24:59.146Z"}
info: Server started at http://localhost:4000/api/v1/ {"timestamp":"2025-02-10T09:25:29.495Z"}
info: Connected to the database. {"timestamp":"2025-02-10T09:25:29.512Z"}
error: 
    status - 500 
    message - ValidationError: "password" must be a string 
    url - /api/v1/users/register 
    method - POST 
    IP - ::1
   {"timestamp":"2025-02-10T09:25:34.883Z"}
error: 
    status - 500 
    message - ValidationError: "password" with value "123" fails to match the required pattern: /^(?=.*[A-Z])(?=.*[!@#$%^&*])(?=.{8,})/ 
    url - /api/v1/users/register 
    method - POST 
    IP - ::1
   {"timestamp":"2025-02-10T09:25:41.459Z"}
error: 
    status - 500 
    message - ValidationError: "password" with value "123" fails to match the required pattern: /^(?=.*[A-Z])(?=.*[!@#$%^&*])(?=.{8,})/ 
    url - /api/v1/users/register 
    method - POST 
    IP - ::1
   {"timestamp":"2025-02-10T09:26:22.279Z"}
error: 
    status - 500 
    message - ValidationError: "email" with value "fddsgfsd@.com" fails to match the required pattern: /^[a-zA-Z0-9._%+-]+@gmail\.com$/ 
    url - /api/v1/users/register 
    method - POST 
    IP - ::1
   {"timestamp":"2025-02-10T09:26:25.367Z"}
error: 
    status - 500 
    message - ValidationError: "email" with value "fddsgfsd@.com" fails to match the required pattern: /^[a-zA-Z0-9._%+-]+@gmail\.com$/ 
    url - /api/v1/users/register 
    method - POST 
    IP - ::1
   {"timestamp":"2025-02-10T09:41:12.999Z"}
error: 
    status - 500 
    message - ValidationError: "email" with value "fddsgfsd@.com" fails to match the required pattern: /^[a-zA-Z0-9._%+-]+@gmail\.com$/ 
    url - /api/v1/users/register 
    method - POST 
    IP - ::1
   {"timestamp":"2025-02-10T09:41:21.844Z"}
error: 
    status - 500 
    message - ValidationError: "email" with value "fddsgfsd@.com" fails to match the required pattern: /^[a-zA-Z0-9._%+-]+@gmail\.com$/ 
    url - /api/v1/users/register 
    method - POST 
    IP - ::1
   {"timestamp":"2025-02-10T09:42:06.295Z"}
error: 
    status - 500 
    message - ValidationError: "email" with value "fddsgfsd@.com" fails to match the required pattern: /^[a-zA-Z0-9._%+-]+@gmail\.com$/ 
    url - /api/v1/users/register 
    method - POST 
    IP - ::1
   {"timestamp":"2025-02-10T09:42:23.187Z"}
error: 
    status - 500 
    message - ValidationError: "password" with value "123" fails to match the required pattern: /^(?=.*[A-Z])(?=.*[!@#$%^&*])(?=.{8,})/ 
    url - /api/v1/users/register 
    method - POST 
    IP - ::1
   {"timestamp":"2025-02-10T09:42:39.256Z"}
error: 
    status - 500 
    message - ValidationError: "password" with value "123" fails to match the required pattern: /^(?=.*[A-Z])(?=.*[!@#$%^&*])(?=.{8,})/ 
    url - /api/v1/users/register 
    method - POST 
    IP - ::1
   {"timestamp":"2025-02-10T09:44:38.673Z"}
info: Server started at http://localhost:4000/api/v1/ {"timestamp":"2025-02-10T09:50:07.888Z"}
info: Connected to the database. {"timestamp":"2025-02-10T09:50:07.910Z"}
info: Server started at http://localhost:4000/api/v1/ {"timestamp":"2025-02-10T09:51:37.997Z"}
info: Connected to the database. {"timestamp":"2025-02-10T09:51:38.013Z"}
error: 
    status - 500 
    message - Error: Cannot apply rules to empty ruleset or the last rule added does not support rule properties
    at new module.exports (C:\Users\raksh\Desktop\Brideglabz_projects\fundo\fundo-app\node_modules\@hapi\hoek\lib\error.js:23:19)
    at module.exports (C:\Users\raksh\Desktop\Brideglabz_projects\fundo\fundo-app\node_modules\@hapi\hoek\lib\assert.js:21:11)
    at internals.Base.rule (C:\Users\raksh\Desktop\Brideglabz_projects\fundo\fundo-app\node_modules\@hapi\joi\lib\base.js:465:9)
    at internals.Base.message (C:\Users\raksh\Desktop\Brideglabz_projects\fundo\fundo-app\node_modules\@hapi\joi\lib\extend.js:145:29)
    at newUserValidator (C:\Users\raksh\Desktop\Brideglabz_projects\fundo\fundo-app\src\validators\/user.validator.js:6:78)
    at Layer.handle [as handle_request] (C:\Users\raksh\Desktop\Brideglabz_projects\fundo\fundo-app\node_modules\express\lib\router\layer.js:95:5)
    at next (C:\Users\raksh\Desktop\Brideglabz_projects\fundo\fundo-app\node_modules\express\lib\router\route.js:149:13)
    at Route.dispatch (C:\Users\raksh\Desktop\Brideglabz_projects\fundo\fundo-app\node_modules\express\lib\router\route.js:119:3)
    at Layer.handle [as handle_request] (C:\Users\raksh\Desktop\Brideglabz_projects\fundo\fundo-app\node_modules\express\lib\router\layer.js:95:5)
    at C:\Users\raksh\Desktop\Brideglabz_projects\fundo\fundo-app\node_modules\express\lib\router\index.js:284:15
    at Function.process_params (C:\Users\raksh\Desktop\Brideglabz_projects\fundo\fundo-app\node_modules\express\lib\router\index.js:346:12)
    at next (C:\Users\raksh\Desktop\Brideglabz_projects\fundo\fundo-app\node_modules\express\lib\router\index.js:280:10)
    at Function.handle (C:\Users\raksh\Desktop\Brideglabz_projects\fundo\fundo-app\node_modules\express\lib\router\index.js:175:3)
    at router (C:\Users\raksh\Desktop\Brideglabz_projects\fundo\fundo-app\node_modules\express\lib\router\index.js:47:12)
    at Layer.handle [as handle_request] (C:\Users\raksh\Desktop\Brideglabz_projects\fundo\fundo-app\node_modules\express\lib\router\layer.js:95:5)
    at trim_prefix (C:\Users\raksh\Desktop\Brideglabz_projects\fundo\fundo-app\node_modules\express\lib\router\index.js:328:13)
    at C:\Users\raksh\Desktop\Brideglabz_projects\fundo\fundo-app\node_modules\express\lib\router\index.js:286:9
    at Function.process_params (C:\Users\raksh\Desktop\Brideglabz_projects\fundo\fundo-app\node_modules\express\lib\router\index.js:346:12)
    at next (C:\Users\raksh\Desktop\Brideglabz_projects\fundo\fundo-app\node_modules\express\lib\router\index.js:280:10)
    at Function.handle (C:\Users\raksh\Desktop\Brideglabz_projects\fundo\fundo-app\node_modules\express\lib\router\index.js:175:3)
    at router (C:\Users\raksh\Desktop\Brideglabz_projects\fundo\fundo-app\node_modules\express\lib\router\index.js:47:12)
    at Layer.handle [as handle_request] (C:\Users\raksh\Desktop\Brideglabz_projects\fundo\fundo-app\node_modules\express\lib\router\layer.js:95:5)
    at trim_prefix (C:\Users\raksh\Desktop\Brideglabz_projects\fundo\fundo-app\node_modules\express\lib\router\index.js:328:13)
    at C:\Users\raksh\Desktop\Brideglabz_projects\fundo\fundo-app\node_modules\express\lib\router\index.js:286:9
    at Function.process_params (C:\Users\raksh\Desktop\Brideglabz_projects\fundo\fundo-app\node_modules\express\lib\router\index.js:346:12)
    at next (C:\Users\raksh\Desktop\Brideglabz_projects\fundo\fundo-app\node_modules\express\lib\router\index.js:280:10)
    at logger (C:\Users\raksh\Desktop\Brideglabz_projects\fundo\fundo-app\node_modules\morgan\index.js:144:5)
    at Layer.handle [as handle_request] (C:\Users\raksh\Desktop\Brideglabz_projects\fundo\fundo-app\node_modules\express\lib\router\layer.js:95:5)
    at trim_prefix (C:\Users\raksh\Desktop\Brideglabz_projects\fundo\fundo-app\node_modules\express\lib\router\index.js:328:13)
    at C:\Users\raksh\Desktop\Brideglabz_projects\fundo\fundo-app\node_modules\express\lib\router\index.js:286:9
    at Function.process_params (C:\Users\raksh\Desktop\Brideglabz_projects\fundo\fundo-app\node_modules\express\lib\router\index.js:346:12)
    at next (C:\Users\raksh\Desktop\Brideglabz_projects\fundo\fundo-app\node_modules\express\lib\router\index.js:280:10)
    at C:\Users\raksh\Desktop\Brideglabz_projects\fundo\fundo-app\node_modules\body-parser\lib\read.js:137:5
    at AsyncResource.runInAsyncScope (node:async_hooks:211:14)
    at invokeCallback (C:\Users\raksh\Desktop\Brideglabz_projects\fundo\fundo-app\node_modules\raw-body\index.js:238:16)
    at done (C:\Users\raksh\Desktop\Brideglabz_projects\fundo\fundo-app\node_modules\raw-body\index.js:227:7)
    at IncomingMessage.onEnd (C:\Users\raksh\Desktop\Brideglabz_projects\fundo\fundo-app\node_modules\raw-body\index.js:287:7)
    at IncomingMessage.emit (node:events:524:28)
    at IncomingMessage.emit (node:domain:489:12)
    at endReadableNT (node:internal/streams/readable:1698:12)
    at processTicksAndRejections (node:internal/process/task_queues:90:21) 
    url - /api/v1/users/register 
    method - POST 
    IP - ::1
   {"timestamp":"2025-02-10T09:51:40.150Z"}
info: Server started at http://localhost:4000/api/v1/ {"timestamp":"2025-02-10T09:53:37.443Z"}
info: Connected to the database. {"timestamp":"2025-02-10T09:53:37.456Z"}
info: Server started at http://localhost:4000/api/v1/ {"timestamp":"2025-02-10T09:53:44.094Z"}
info: Connected to the database. {"timestamp":"2025-02-10T09:53:44.114Z"}
error: 
    status - 500 
    message - Error: Cannot apply rules to empty ruleset or the last rule added does not support rule properties
    at new module.exports (C:\Users\raksh\Desktop\Brideglabz_projects\fundo\fundo-app\node_modules\@hapi\hoek\lib\error.js:23:19)
    at module.exports (C:\Users\raksh\Desktop\Brideglabz_projects\fundo\fundo-app\node_modules\@hapi\hoek\lib\assert.js:21:11)
    at internals.Base.rule (C:\Users\raksh\Desktop\Brideglabz_projects\fundo\fundo-app\node_modules\@hapi\joi\lib\base.js:465:9)
    at internals.Base.message (C:\Users\raksh\Desktop\Brideglabz_projects\fundo\fundo-app\node_modules\@hapi\joi\lib\extend.js:145:29)
    at newUserValidator (C:\Users\raksh\Desktop\Brideglabz_projects\fundo\fundo-app\src\validators\/user.validator.js:6:78)
    at Layer.handle [as handle_request] (C:\Users\raksh\Desktop\Brideglabz_projects\fundo\fundo-app\node_modules\express\lib\router\layer.js:95:5)
    at next (C:\Users\raksh\Desktop\Brideglabz_projects\fundo\fundo-app\node_modules\express\lib\router\route.js:149:13)
    at Route.dispatch (C:\Users\raksh\Desktop\Brideglabz_projects\fundo\fundo-app\node_modules\express\lib\router\route.js:119:3)
    at Layer.handle [as handle_request] (C:\Users\raksh\Desktop\Brideglabz_projects\fundo\fundo-app\node_modules\express\lib\router\layer.js:95:5)
    at C:\Users\raksh\Desktop\Brideglabz_projects\fundo\fundo-app\node_modules\express\lib\router\index.js:284:15
    at Function.process_params (C:\Users\raksh\Desktop\Brideglabz_projects\fundo\fundo-app\node_modules\express\lib\router\index.js:346:12)
    at next (C:\Users\raksh\Desktop\Brideglabz_projects\fundo\fundo-app\node_modules\express\lib\router\index.js:280:10)
    at Function.handle (C:\Users\raksh\Desktop\Brideglabz_projects\fundo\fundo-app\node_modules\express\lib\router\index.js:175:3)
    at router (C:\Users\raksh\Desktop\Brideglabz_projects\fundo\fundo-app\node_modules\express\lib\router\index.js:47:12)
    at Layer.handle [as handle_request] (C:\Users\raksh\Desktop\Brideglabz_projects\fundo\fundo-app\node_modules\express\lib\router\layer.js:95:5)
    at trim_prefix (C:\Users\raksh\Desktop\Brideglabz_projects\fundo\fundo-app\node_modules\express\lib\router\index.js:328:13)
    at C:\Users\raksh\Desktop\Brideglabz_projects\fundo\fundo-app\node_modules\express\lib\router\index.js:286:9
    at Function.process_params (C:\Users\raksh\Desktop\Brideglabz_projects\fundo\fundo-app\node_modules\express\lib\router\index.js:346:12)
    at next (C:\Users\raksh\Desktop\Brideglabz_projects\fundo\fundo-app\node_modules\express\lib\router\index.js:280:10)
    at Function.handle (C:\Users\raksh\Desktop\Brideglabz_projects\fundo\fundo-app\node_modules\express\lib\router\index.js:175:3)
    at router (C:\Users\raksh\Desktop\Brideglabz_projects\fundo\fundo-app\node_modules\express\lib\router\index.js:47:12)
    at Layer.handle [as handle_request] (C:\Users\raksh\Desktop\Brideglabz_projects\fundo\fundo-app\node_modules\express\lib\router\layer.js:95:5)
    at trim_prefix (C:\Users\raksh\Desktop\Brideglabz_projects\fundo\fundo-app\node_modules\express\lib\router\index.js:328:13)
    at C:\Users\raksh\Desktop\Brideglabz_projects\fundo\fundo-app\node_modules\express\lib\router\index.js:286:9
    at Function.process_params (C:\Users\raksh\Desktop\Brideglabz_projects\fundo\fundo-app\node_modules\express\lib\router\index.js:346:12)
    at next (C:\Users\raksh\Desktop\Brideglabz_projects\fundo\fundo-app\node_modules\express\lib\router\index.js:280:10)
    at logger (C:\Users\raksh\Desktop\Brideglabz_projects\fundo\fundo-app\node_modules\morgan\index.js:144:5)
    at Layer.handle [as handle_request] (C:\Users\raksh\Desktop\Brideglabz_projects\fundo\fundo-app\node_modules\express\lib\router\layer.js:95:5)
    at trim_prefix (C:\Users\raksh\Desktop\Brideglabz_projects\fundo\fundo-app\node_modules\express\lib\router\index.js:328:13)
    at C:\Users\raksh\Desktop\Brideglabz_projects\fundo\fundo-app\node_modules\express\lib\router\index.js:286:9
    at Function.process_params (C:\Users\raksh\Desktop\Brideglabz_projects\fundo\fundo-app\node_modules\express\lib\router\index.js:346:12)
    at next (C:\Users\raksh\Desktop\Brideglabz_projects\fundo\fundo-app\node_modules\express\lib\router\index.js:280:10)
    at C:\Users\raksh\Desktop\Brideglabz_projects\fundo\fundo-app\node_modules\body-parser\lib\read.js:137:5
    at AsyncResource.runInAsyncScope (node:async_hooks:211:14)
    at invokeCallback (C:\Users\raksh\Desktop\Brideglabz_projects\fundo\fundo-app\node_modules\raw-body\index.js:238:16)
    at done (C:\Users\raksh\Desktop\Brideglabz_projects\fundo\fundo-app\node_modules\raw-body\index.js:227:7)
    at IncomingMessage.onEnd (C:\Users\raksh\Desktop\Brideglabz_projects\fundo\fundo-app\node_modules\raw-body\index.js:287:7)
    at IncomingMessage.emit (node:events:524:28)
    at IncomingMessage.emit (node:domain:489:12)
    at endReadableNT (node:internal/streams/readable:1698:12)
    at processTicksAndRejections (node:internal/process/task_queues:90:21) 
    url - /api/v1/users/register 
    method - POST 
    IP - ::1
   {"timestamp":"2025-02-10T09:53:46.140Z"}
error: 
    status - 500 
    message - Error: Cannot apply rules to empty ruleset or the last rule added does not support rule properties
    at new module.exports (C:\Users\raksh\Desktop\Brideglabz_projects\fundo\fundo-app\node_modules\@hapi\hoek\lib\error.js:23:19)
    at module.exports (C:\Users\raksh\Desktop\Brideglabz_projects\fundo\fundo-app\node_modules\@hapi\hoek\lib\assert.js:21:11)
    at internals.Base.rule (C:\Users\raksh\Desktop\Brideglabz_projects\fundo\fundo-app\node_modules\@hapi\joi\lib\base.js:465:9)
    at internals.Base.message (C:\Users\raksh\Desktop\Brideglabz_projects\fundo\fundo-app\node_modules\@hapi\joi\lib\extend.js:145:29)
    at newUserValidator (C:\Users\raksh\Desktop\Brideglabz_projects\fundo\fundo-app\src\validators\/user.validator.js:6:78)
    at Layer.handle [as handle_request] (C:\Users\raksh\Desktop\Brideglabz_projects\fundo\fundo-app\node_modules\express\lib\router\layer.js:95:5)
    at next (C:\Users\raksh\Desktop\Brideglabz_projects\fundo\fundo-app\node_modules\express\lib\router\route.js:149:13)
    at Route.dispatch (C:\Users\raksh\Desktop\Brideglabz_projects\fundo\fundo-app\node_modules\express\lib\router\route.js:119:3)
    at Layer.handle [as handle_request] (C:\Users\raksh\Desktop\Brideglabz_projects\fundo\fundo-app\node_modules\express\lib\router\layer.js:95:5)
    at C:\Users\raksh\Desktop\Brideglabz_projects\fundo\fundo-app\node_modules\express\lib\router\index.js:284:15
    at Function.process_params (C:\Users\raksh\Desktop\Brideglabz_projects\fundo\fundo-app\node_modules\express\lib\router\index.js:346:12)
    at next (C:\Users\raksh\Desktop\Brideglabz_projects\fundo\fundo-app\node_modules\express\lib\router\index.js:280:10)
    at Function.handle (C:\Users\raksh\Desktop\Brideglabz_projects\fundo\fundo-app\node_modules\express\lib\router\index.js:175:3)
    at router (C:\Users\raksh\Desktop\Brideglabz_projects\fundo\fundo-app\node_modules\express\lib\router\index.js:47:12)
    at Layer.handle [as handle_request] (C:\Users\raksh\Desktop\Brideglabz_projects\fundo\fundo-app\node_modules\express\lib\router\layer.js:95:5)
    at trim_prefix (C:\Users\raksh\Desktop\Brideglabz_projects\fundo\fundo-app\node_modules\express\lib\router\index.js:328:13)
    at C:\Users\raksh\Desktop\Brideglabz_projects\fundo\fundo-app\node_modules\express\lib\router\index.js:286:9
    at Function.process_params (C:\Users\raksh\Desktop\Brideglabz_projects\fundo\fundo-app\node_modules\express\lib\router\index.js:346:12)
    at next (C:\Users\raksh\Desktop\Brideglabz_projects\fundo\fundo-app\node_modules\express\lib\router\index.js:280:10)
    at Function.handle (C:\Users\raksh\Desktop\Brideglabz_projects\fundo\fundo-app\node_modules\express\lib\router\index.js:175:3)
    at router (C:\Users\raksh\Desktop\Brideglabz_projects\fundo\fundo-app\node_modules\express\lib\router\index.js:47:12)
    at Layer.handle [as handle_request] (C:\Users\raksh\Desktop\Brideglabz_projects\fundo\fundo-app\node_modules\express\lib\router\layer.js:95:5)
    at trim_prefix (C:\Users\raksh\Desktop\Brideglabz_projects\fundo\fundo-app\node_modules\express\lib\router\index.js:328:13)
    at C:\Users\raksh\Desktop\Brideglabz_projects\fundo\fundo-app\node_modules\express\lib\router\index.js:286:9
    at Function.process_params (C:\Users\raksh\Desktop\Brideglabz_projects\fundo\fundo-app\node_modules\express\lib\router\index.js:346:12)
    at next (C:\Users\raksh\Desktop\Brideglabz_projects\fundo\fundo-app\node_modules\express\lib\router\index.js:280:10)
    at logger (C:\Users\raksh\Desktop\Brideglabz_projects\fundo\fundo-app\node_modules\morgan\index.js:144:5)
    at Layer.handle [as handle_request] (C:\Users\raksh\Desktop\Brideglabz_projects\fundo\fundo-app\node_modules\express\lib\router\layer.js:95:5)
    at trim_prefix (C:\Users\raksh\Desktop\Brideglabz_projects\fundo\fundo-app\node_modules\express\lib\router\index.js:328:13)
    at C:\Users\raksh\Desktop\Brideglabz_projects\fundo\fundo-app\node_modules\express\lib\router\index.js:286:9
    at Function.process_params (C:\Users\raksh\Desktop\Brideglabz_projects\fundo\fundo-app\node_modules\express\lib\router\index.js:346:12)
    at next (C:\Users\raksh\Desktop\Brideglabz_projects\fundo\fundo-app\node_modules\express\lib\router\index.js:280:10)
    at C:\Users\raksh\Desktop\Brideglabz_projects\fundo\fundo-app\node_modules\body-parser\lib\read.js:137:5
    at AsyncResource.runInAsyncScope (node:async_hooks:211:14)
    at invokeCallback (C:\Users\raksh\Desktop\Brideglabz_projects\fundo\fundo-app\node_modules\raw-body\index.js:238:16)
    at done (C:\Users\raksh\Desktop\Brideglabz_projects\fundo\fundo-app\node_modules\raw-body\index.js:227:7)
    at IncomingMessage.onEnd (C:\Users\raksh\Desktop\Brideglabz_projects\fundo\fundo-app\node_modules\raw-body\index.js:287:7)
    at IncomingMessage.emit (node:events:524:28)
    at IncomingMessage.emit (node:domain:489:12)
    at endReadableNT (node:internal/streams/readable:1698:12)
    at processTicksAndRejections (node:internal/process/task_queues:90:21) 
    url - /api/v1/users/register 
    method - POST 
    IP - ::1
   {"timestamp":"2025-02-10T09:54:10.432Z"}
info: Server started at http://localhost:4000/api/v1/ {"timestamp":"2025-02-10T09:55:52.999Z"}
info: Connected to the database. {"timestamp":"2025-02-10T09:55:53.013Z"}
info: Server started at http://localhost:4000/api/v1/ {"timestamp":"2025-02-10T09:57:31.044Z"}
info: Connected to the database. {"timestamp":"2025-02-10T09:57:31.091Z"}
info: Server started at http://localhost:4000/api/v1/ {"timestamp":"2025-02-10T09:58:12.914Z"}
info: Connected to the database. {"timestamp":"2025-02-10T09:58:12.947Z"}
info: Server started at http://localhost:4000/api/v1/ {"timestamp":"2025-02-10T09:59:54.462Z"}
info: Connected to the database. {"timestamp":"2025-02-10T09:59:54.490Z"}
info: Server started at http://localhost:4000/api/v1/ {"timestamp":"2025-02-10T10:01:50.132Z"}
info: Connected to the database. {"timestamp":"2025-02-10T10:01:50.213Z"}
info: Server started at http://localhost:4000/api/v1/ {"timestamp":"2025-02-10T10:06:26.138Z"}
info: Connected to the database. {"timestamp":"2025-02-10T10:06:26.156Z"}
info: Server started at http://localhost:4000/api/v1/ {"timestamp":"2025-02-10T10:16:01.687Z"}
info: Connected to the database. {"timestamp":"2025-02-10T10:16:01.709Z"}
info: Connected to the database. {"timestamp":"2025-02-10T10:16:03.365Z"}
info: Server started at http://localhost:4000/api/v1/ {"timestamp":"2025-02-10T10:16:24.924Z"}
info: Connected to the database. {"timestamp":"2025-02-10T10:16:24.937Z"}
info: Server started at http://localhost:4000/api/v1/ {"timestamp":"2025-02-10T10:17:15.872Z"}
info: Connected to the database. {"timestamp":"2025-02-10T10:17:15.886Z"}
info: Server started at http://localhost:4000/api/v1/ {"timestamp":"2025-02-10T10:17:34.743Z"}
info: Connected to the database. {"timestamp":"2025-02-10T10:17:34.756Z"}
info: Server started at http://localhost:4000/api/v1/ {"timestamp":"2025-02-10T10:17:43.258Z"}
info: Connected to the database. {"timestamp":"2025-02-10T10:17:43.272Z"}
info: Server started at http://localhost:4000/api/v1/ {"timestamp":"2025-02-10T10:18:02.794Z"}
info: Connected to the database. {"timestamp":"2025-02-10T10:18:02.810Z"}
info: Server started at http://localhost:4000/api/v1/ {"timestamp":"2025-02-10T10:18:16.442Z"}
info: Connected to the database. {"timestamp":"2025-02-10T10:18:16.459Z"}
info: Server started at http://localhost:4000/api/v1/ {"timestamp":"2025-02-10T10:18:35.459Z"}
info: Connected to the database. {"timestamp":"2025-02-10T10:18:35.570Z"}
