info: Server started at http://localhost:3000/api/v1/ {"timestamp":"2025-02-10T04:30:08.397Z"}
info: Connected to the database. {"timestamp":"2025-02-10T04:30:08.412Z"}
error: 
      status - 400
      message - Authorization token is required 
      url - /api/v1/users/67a99158b47d1324e0e017b2 
      method - GET 
      IP - ::1
     {"timestamp":"2025-02-10T05:43:41.925Z"}
error: 
      status - 400
      message - Authorization token is required 
      url - /api/v1/users/67a99158b47d1324e0e017b2 
      method - GET 
      IP - ::1
     {"timestamp":"2025-02-10T05:43:50.498Z"}
error: 
      status - 400
      message - Authorization token is required 
      url - /api/v1/users/67a99158b47d1324e0e017b2 
      method - GET 
      IP - ::1
     {"timestamp":"2025-02-10T05:43:56.098Z"}
info: Server started at http://localhost:3000/api/v1/ {"timestamp":"2025-02-10T05:44:07.156Z"}
info: Connected to the database. {"timestamp":"2025-02-10T05:44:07.176Z"}
info: Server started at http://localhost:3000/api/v1/ {"timestamp":"2025-02-10T05:44:23.218Z"}
info: Connected to the database. {"timestamp":"2025-02-10T05:44:23.261Z"}
info: Server started at http://localhost:4000/api/v1/ {"timestamp":"2025-02-11T05:59:13.601Z"}
info: Connected to the database. {"timestamp":"2025-02-11T05:59:13.617Z"}
