info: ::1 - - [10/Feb/2025:05:30:43 +0000] "GET /api/v1 HTTP/1.1" 200 9 "-" "PostmanRuntime/7.43.0"

info: ::1 - - [10/Feb/2025:05:30:55 +0000] "GET /api/v1/users HTTP/1.1" 200 65 "-" "PostmanRuntime/7.43.0"

info: ::1 - - [10/Feb/2025:05:40:40 +0000] "POST /api/v1/users HTTP/1.1" 201 195 "-" "PostmanRuntime/7.43.0"

info: ::1 - - [10/Feb/2025:05:42:07 +0000] "POST /api/v1/users HTTP/1.1" 201 194 "-" "PostmanRuntime/7.43.0"

info: ::1 - - [10/Feb/2025:05:42:10 +0000] "GET /api/v1/users HTTP/1.1" 200 339 "-" "PostmanRuntime/7.43.0"

info: ::1 - - [10/Feb/2025:05:43:09 +0000] "PUT /api/v1/users/67a99158b47d1324e0e017b2 HTTP/1.1" 202 195 "-" "PostmanRuntime/7.43.0"

info: ::1 - - [10/Feb/2025:05:43:41 +0000] "GET /api/v1/users/67a99158b47d1324e0e017b2 HTTP/1.1" 400 56 "-" "PostmanRuntime/7.43.0"

info: ::1 - - [10/Feb/2025:05:43:50 +0000] "GET /api/v1/users/67a99158b47d1324e0e017b2 HTTP/1.1" 400 56 "-" "PostmanRuntime/7.43.0"

info: ::1 - - [10/Feb/2025:05:43:56 +0000] "GET /api/v1/users/67a99158b47d1324e0e017b2 HTTP/1.1" 400 56 "-" "PostmanRuntime/7.43.0"

info: ::1 - - [10/Feb/2025:05:44:25 +0000] "GET /api/v1/users/67a99158b47d1324e0e017b2 HTTP/1.1" 200 195 "-" "PostmanRuntime/7.43.0"

info: ::1 - - [10/Feb/2025:05:45:06 +0000] "DELETE /api/v1/users/67a99158b47d1324e0e017b2 HTTP/1.1" 200 60 "-" "PostmanRuntime/7.43.0"

info: ::1 - - [10/Feb/2025:05:45:09 +0000] "GET /api/v1/users HTTP/1.1" 200 201 "-" "PostmanRuntime/7.43.0"

info: ::1 - - [10/Feb/2025:09:21:53 +0000] "POST /api/v1/users HTTP/1.1" 500 59 "-" "PostmanRuntime/7.43.0"

info: ::1 - - [10/Feb/2025:09:22:06 +0000] "POST /api/v1/users HTTP/1.1" 500 59 "-" "PostmanRuntime/7.43.0"

info: ::1 - - [10/Feb/2025:09:22:24 +0000] "POST /api/v1/users HTTP/1.1" 500 59 "-" "PostmanRuntime/7.43.0"

info: ::1 - - [10/Feb/2025:09:22:58 +0000] "POST /api/v1/users/register HTTP/1.1" 404 47 "-" "PostmanRuntime/7.43.0"

error: uncaughtException: listen EADDRINUSE: address already in use :::3000
Error: listen EADDRINUSE: address already in use :::3000
    at Server.setupListenHandle [as _listen2] (node:net:1912:16)
    at listenInCluster (node:net:1969:12)
    at Server.listen (node:net:2074:7)
    at Function.listen (C:\Users\raksh\Desktop\Brideglabz_projects\fundo\fundo-app\node_modules\express\lib\application.js:635:24)
    at Object.<anonymous> (C:\Users\raksh\Desktop\Brideglabz_projects\fundo\fundo-app\build\index.js:39:5)
    at Module._compile (node:internal/modules/cjs/loader:1565:14)
    at Object..js (node:internal/modules/cjs/loader:1708:10)
    at Module.load (node:internal/modules/cjs/loader:1318:32)
    at Function._load (node:internal/modules/cjs/loader:1128:12)
    at TracingChannel.traceSync (node:diagnostics_channel:322:14)
    at wrapModuleLoad (node:internal/modules/cjs/loader:219:24)
    at Function.executeUserEntryPoint [as runMain] (node:internal/modules/run_main:170:5)
    at node:internal/main/run_main_module:36:49 {"date":"Mon Feb 10 2025 14:54:59 GMT+0530 (India Standard Time)","error":{"address":"::","code":"EADDRINUSE","errno":-4091,"port":3000,"syscall":"listen"},"exception":true,"os":{"loadavg":[0,0,0],"uptime":624252.265},"process":{"argv":["C:\\Program Files\\nodejs\\node.exe","C:\\Users\\raksh\\Desktop\\Brideglabz_projects\\fundo\\fundo-app\\build\\index.js"],"cwd":"C:\\Users\\raksh\\Desktop\\Brideglabz_projects\\fundo\\fundo-app","execPath":"C:\\Program Files\\nodejs\\node.exe","gid":null,"memoryUsage":{"arrayBuffers":18271355,"external":20601862,"heapTotal":40591360,"heapUsed":30769504,"rss":79069184},"pid":13740,"uid":null,"version":"v22.12.0"},"stack":"Error: listen EADDRINUSE: address already in use :::3000\n    at Server.setupListenHandle [as _listen2] (node:net:1912:16)\n    at listenInCluster (node:net:1969:12)\n    at Server.listen (node:net:2074:7)\n    at Function.listen (C:\\Users\\raksh\\Desktop\\Brideglabz_projects\\fundo\\fundo-app\\node_modules\\express\\lib\\application.js:635:24)\n    at Object.<anonymous> (C:\\Users\\raksh\\Desktop\\Brideglabz_projects\\fundo\\fundo-app\\build\\index.js:39:5)\n    at Module._compile (node:internal/modules/cjs/loader:1565:14)\n    at Object..js (node:internal/modules/cjs/loader:1708:10)\n    at Module.load (node:internal/modules/cjs/loader:1318:32)\n    at Function._load (node:internal/modules/cjs/loader:1128:12)\n    at TracingChannel.traceSync (node:diagnostics_channel:322:14)\n    at wrapModuleLoad (node:internal/modules/cjs/loader:219:24)\n    at Function.executeUserEntryPoint [as runMain] (node:internal/modules/run_main:170:5)\n    at node:internal/main/run_main_module:36:49","trace":[{"column":16,"file":"node:net","function":"Server.setupListenHandle [as _listen2]","line":1912,"method":"setupListenHandle [as _listen2]","native":false},{"column":12,"file":"node:net","function":"listenInCluster","line":1969,"method":null,"native":false},{"column":7,"file":"node:net","function":"Server.listen","line":2074,"method":"listen","native":false},{"column":24,"file":"C:\\Users\\raksh\\Desktop\\Brideglabz_projects\\fundo\\fundo-app\\node_modules\\express\\lib\\application.js","function":"Function.listen","line":635,"method":"listen","native":false},{"column":5,"file":"C:\\Users\\raksh\\Desktop\\Brideglabz_projects\\fundo\\fundo-app\\build\\index.js","function":null,"line":39,"method":null,"native":false},{"column":14,"file":"node:internal/modules/cjs/loader","function":"Module._compile","line":1565,"method":"_compile","native":false},{"column":10,"file":"node:internal/modules/cjs/loader","function":"Object..js","line":1708,"method":".js","native":false},{"column":32,"file":"node:internal/modules/cjs/loader","function":"Module.load","line":1318,"method":"load","native":false},{"column":12,"file":"node:internal/modules/cjs/loader","function":"Function._load","line":1128,"method":"_load","native":false},{"column":14,"file":"node:diagnostics_channel","function":"TracingChannel.traceSync","line":322,"method":"traceSync","native":false},{"column":24,"file":"node:internal/modules/cjs/loader","function":"wrapModuleLoad","line":219,"method":null,"native":false},{"column":5,"file":"node:internal/modules/run_main","function":"Function.executeUserEntryPoint [as runMain]","line":170,"method":"executeUserEntryPoint [as runMain]","native":false},{"column":49,"file":"node:internal/main/run_main_module","function":null,"line":36,"method":null,"native":false}]}
info: ::1 - - [10/Feb/2025:09:25:34 +0000] "POST /api/v1/users/register HTTP/1.1" 500 64 "-" "PostmanRuntime/7.43.0"

info: ::1 - - [10/Feb/2025:09:25:41 +0000] "POST /api/v1/users/register HTTP/1.1" 500 143 "-" "PostmanRuntime/7.43.0"

info: ::1 - - [10/Feb/2025:09:26:22 +0000] "POST /api/v1/users/register HTTP/1.1" 500 143 "-" "PostmanRuntime/7.43.0"

info: ::1 - - [10/Feb/2025:09:26:25 +0000] "POST /api/v1/users/register HTTP/1.1" 500 144 "-" "PostmanRuntime/7.43.0"

info: ::1 - - [10/Feb/2025:09:41:13 +0000] "POST /api/v1/users/register HTTP/1.1" 500 144 "-" "PostmanRuntime/7.43.0"

info: ::1 - - [10/Feb/2025:09:41:21 +0000] "POST /api/v1/users/register HTTP/1.1" 500 144 "-" "PostmanRuntime/7.43.0"

info: ::1 - - [10/Feb/2025:09:42:06 +0000] "POST /api/v1/users/register HTTP/1.1" 500 144 "-" "PostmanRuntime/7.43.0"

info: ::1 - - [10/Feb/2025:09:42:23 +0000] "POST /api/v1/users/register HTTP/1.1" 500 144 "-" "PostmanRuntime/7.43.0"

info: ::1 - - [10/Feb/2025:09:42:39 +0000] "POST /api/v1/users/register HTTP/1.1" 500 143 "-" "PostmanRuntime/7.43.0"

info: ::1 - - [10/Feb/2025:09:44:35 +0000] "POST /api/v1/users/ HTTP/1.1" 404 47 "-" "PostmanRuntime/7.43.0"

info: ::1 - - [10/Feb/2025:09:44:38 +0000] "POST /api/v1/users/register HTTP/1.1" 500 143 "-" "PostmanRuntime/7.43.0"

info: ::1 - - [10/Feb/2025:09:50:14 +0000] "POST /api/v1/users/register HTTP/1.1" 500 66 "-" "PostmanRuntime/7.43.0"

info: ::1 - - [10/Feb/2025:09:50:54 +0000] "POST /api/v1/users/register HTTP/1.1" 500 66 "-" "PostmanRuntime/7.43.0"

info: ::1 - - [10/Feb/2025:09:51:04 +0000] "POST /api/v1/users/register HTTP/1.1" 500 66 "-" "PostmanRuntime/7.43.0"

info: ::1 - - [10/Feb/2025:09:51:40 +0000] "POST /api/v1/users/register HTTP/1.1" 500 126 "-" "PostmanRuntime/7.43.0"

info: ::1 - - [10/Feb/2025:09:53:46 +0000] "POST /api/v1/users/register HTTP/1.1" 500 126 "-" "PostmanRuntime/7.43.0"

info: ::1 - - [10/Feb/2025:09:54:10 +0000] "POST /api/v1/users/register HTTP/1.1" 500 126 "-" "PostmanRuntime/7.43.0"

info: ::1 - - [10/Feb/2025:09:56:04 +0000] "POST /api/v1/users/register HTTP/1.1" 400 126 "-" "PostmanRuntime/7.43.0"

info: ::1 - - [10/Feb/2025:09:56:17 +0000] "POST /api/v1/users/register HTTP/1.1" 500 33 "-" "PostmanRuntime/7.43.0"

error: uncaughtException: User.create is not a function
TypeError: User.create is not a function
    at _callee$ (C:\Users\raksh\Desktop\Brideglabz_projects\fundo\fundo-app\src\services\/user.service.js:10:33)
    at tryCatch (C:\Users\raksh\Desktop\Brideglabz_projects\fundo\fundo-app\node_modules\@babel\runtime\helpers\regeneratorRuntime.js:45:16)
    at Generator.<anonymous> (C:\Users\raksh\Desktop\Brideglabz_projects\fundo\fundo-app\node_modules\@babel\runtime\helpers\regeneratorRuntime.js:133:17)
    at Generator.next (C:\Users\raksh\Desktop\Brideglabz_projects\fundo\fundo-app\node_modules\@babel\runtime\helpers\regeneratorRuntime.js:74:21)
    at asyncGeneratorStep (C:\Users\raksh\Desktop\Brideglabz_projects\fundo\fundo-app\node_modules\@babel\runtime\helpers\asyncToGenerator.js:3:17)
    at _next (C:\Users\raksh\Desktop\Brideglabz_projects\fundo\fundo-app\node_modules\@babel\runtime\helpers\asyncToGenerator.js:17:9)
    at C:\Users\raksh\Desktop\Brideglabz_projects\fundo\fundo-app\node_modules\@babel\runtime\helpers\asyncToGenerator.js:22:7
    at new Promise (<anonymous>)
    at apply (C:\Users\raksh\Desktop\Brideglabz_projects\fundo\fundo-app\node_modules\@babel\runtime\helpers\asyncToGenerator.js:14:12)
    at C:\Users\raksh\Desktop\Brideglabz_projects\fundo\fundo-app\src\services\/user.service.js:22:2
    at _callee$ (C:\Users\raksh\Desktop\Brideglabz_projects\fundo\fundo-app\src\controllers\/user.controller.js:19:36)
    at tryCatch (C:\Users\raksh\Desktop\Brideglabz_projects\fundo\fundo-app\node_modules\@babel\runtime\helpers\regeneratorRuntime.js:45:16)
    at Generator.<anonymous> (C:\Users\raksh\Desktop\Brideglabz_projects\fundo\fundo-app\node_modules\@babel\runtime\helpers\regeneratorRuntime.js:133:17)
    at Generator.next (C:\Users\raksh\Desktop\Brideglabz_projects\fundo\fundo-app\node_modules\@babel\runtime\helpers\regeneratorRuntime.js:74:21)
    at asyncGeneratorStep (C:\Users\raksh\Desktop\Brideglabz_projects\fundo\fundo-app\node_modules\@babel\runtime\helpers\asyncToGenerator.js:3:17)
    at _next (C:\Users\raksh\Desktop\Brideglabz_projects\fundo\fundo-app\node_modules\@babel\runtime\helpers\asyncToGenerator.js:17:9) {"date":"Mon Feb 10 2025 15:26:17 GMT+0530 (India Standard Time)","error":{},"exception":true,"os":{"loadavg":[0,0,0],"uptime":626130.984},"process":{"argv":["node","C:\\Users\\raksh\\Desktop\\Brideglabz_projects\\fundo\\fundo-app\\src\\index.js"],"cwd":"C:\\Users\\raksh\\Desktop\\Brideglabz_projects\\fundo\\fundo-app","execPath":"C:\\Program Files\\nodejs\\node.exe","gid":null,"memoryUsage":{"arrayBuffers":18287965,"external":21346717,"heapTotal":52768768,"heapUsed":48102200,"rss":97226752},"pid":10648,"uid":null,"version":"v22.12.0"},"stack":"TypeError: User.create is not a function\n    at _callee$ (C:\\Users\\raksh\\Desktop\\Brideglabz_projects\\fundo\\fundo-app\\src\\services\\/user.service.js:10:33)\n    at tryCatch (C:\\Users\\raksh\\Desktop\\Brideglabz_projects\\fundo\\fundo-app\\node_modules\\@babel\\runtime\\helpers\\regeneratorRuntime.js:45:16)\n    at Generator.<anonymous> (C:\\Users\\raksh\\Desktop\\Brideglabz_projects\\fundo\\fundo-app\\node_modules\\@babel\\runtime\\helpers\\regeneratorRuntime.js:133:17)\n    at Generator.next (C:\\Users\\raksh\\Desktop\\Brideglabz_projects\\fundo\\fundo-app\\node_modules\\@babel\\runtime\\helpers\\regeneratorRuntime.js:74:21)\n    at asyncGeneratorStep (C:\\Users\\raksh\\Desktop\\Brideglabz_projects\\fundo\\fundo-app\\node_modules\\@babel\\runtime\\helpers\\asyncToGenerator.js:3:17)\n    at _next (C:\\Users\\raksh\\Desktop\\Brideglabz_projects\\fundo\\fundo-app\\node_modules\\@babel\\runtime\\helpers\\asyncToGenerator.js:17:9)\n    at C:\\Users\\raksh\\Desktop\\Brideglabz_projects\\fundo\\fundo-app\\node_modules\\@babel\\runtime\\helpers\\asyncToGenerator.js:22:7\n    at new Promise (<anonymous>)\n    at apply (C:\\Users\\raksh\\Desktop\\Brideglabz_projects\\fundo\\fundo-app\\node_modules\\@babel\\runtime\\helpers\\asyncToGenerator.js:14:12)\n    at C:\\Users\\raksh\\Desktop\\Brideglabz_projects\\fundo\\fundo-app\\src\\services\\/user.service.js:22:2\n    at _callee$ (C:\\Users\\raksh\\Desktop\\Brideglabz_projects\\fundo\\fundo-app\\src\\controllers\\/user.controller.js:19:36)\n    at tryCatch (C:\\Users\\raksh\\Desktop\\Brideglabz_projects\\fundo\\fundo-app\\node_modules\\@babel\\runtime\\helpers\\regeneratorRuntime.js:45:16)\n    at Generator.<anonymous> (C:\\Users\\raksh\\Desktop\\Brideglabz_projects\\fundo\\fundo-app\\node_modules\\@babel\\runtime\\helpers\\regeneratorRuntime.js:133:17)\n    at Generator.next (C:\\Users\\raksh\\Desktop\\Brideglabz_projects\\fundo\\fundo-app\\node_modules\\@babel\\runtime\\helpers\\regeneratorRuntime.js:74:21)\n    at asyncGeneratorStep (C:\\Users\\raksh\\Desktop\\Brideglabz_projects\\fundo\\fundo-app\\node_modules\\@babel\\runtime\\helpers\\asyncToGenerator.js:3:17)\n    at _next (C:\\Users\\raksh\\Desktop\\Brideglabz_projects\\fundo\\fundo-app\\node_modules\\@babel\\runtime\\helpers\\asyncToGenerator.js:17:9)","trace":[{"column":33,"file":"C:\\Users\\raksh\\Desktop\\Brideglabz_projects\\fundo\\fundo-app\\src\\services\\/user.service.js","function":"_callee$","line":10,"method":null,"native":false},{"column":16,"file":"C:\\Users\\raksh\\Desktop\\Brideglabz_projects\\fundo\\fundo-app\\node_modules\\@babel\\runtime\\helpers\\regeneratorRuntime.js","function":"tryCatch","line":45,"method":null,"native":false},{"column":17,"file":"C:\\Users\\raksh\\Desktop\\Brideglabz_projects\\fundo\\fundo-app\\node_modules\\@babel\\runtime\\helpers\\regeneratorRuntime.js","function":null,"line":133,"method":null,"native":false},{"column":21,"file":"C:\\Users\\raksh\\Desktop\\Brideglabz_projects\\fundo\\fundo-app\\node_modules\\@babel\\runtime\\helpers\\regeneratorRuntime.js","function":"Generator.next","line":74,"method":"next","native":false},{"column":17,"file":"C:\\Users\\raksh\\Desktop\\Brideglabz_projects\\fundo\\fundo-app\\node_modules\\@babel\\runtime\\helpers\\asyncToGenerator.js","function":"asyncGeneratorStep","line":3,"method":null,"native":false},{"column":9,"file":"C:\\Users\\raksh\\Desktop\\Brideglabz_projects\\fundo\\fundo-app\\node_modules\\@babel\\runtime\\helpers\\asyncToGenerator.js","function":"_next","line":17,"method":null,"native":false},{"column":7,"file":"C:\\Users\\raksh\\Desktop\\Brideglabz_projects\\fundo\\fundo-app\\node_modules\\@babel\\runtime\\helpers\\asyncToGenerator.js","function":null,"line":22,"method":null,"native":false},{"column":null,"file":null,"function":"new Promise","line":null,"method":null,"native":false},{"column":12,"file":"C:\\Users\\raksh\\Desktop\\Brideglabz_projects\\fundo\\fundo-app\\node_modules\\@babel\\runtime\\helpers\\asyncToGenerator.js","function":"apply","line":14,"method":null,"native":false},{"column":2,"file":"C:\\Users\\raksh\\Desktop\\Brideglabz_projects\\fundo\\fundo-app\\src\\services\\/user.service.js","function":null,"line":22,"method":null,"native":false},{"column":36,"file":"C:\\Users\\raksh\\Desktop\\Brideglabz_projects\\fundo\\fundo-app\\src\\controllers\\/user.controller.js","function":"_callee$","line":19,"method":null,"native":false},{"column":16,"file":"C:\\Users\\raksh\\Desktop\\Brideglabz_projects\\fundo\\fundo-app\\node_modules\\@babel\\runtime\\helpers\\regeneratorRuntime.js","function":"tryCatch","line":45,"method":null,"native":false},{"column":17,"file":"C:\\Users\\raksh\\Desktop\\Brideglabz_projects\\fundo\\fundo-app\\node_modules\\@babel\\runtime\\helpers\\regeneratorRuntime.js","function":null,"line":133,"method":null,"native":false},{"column":21,"file":"C:\\Users\\raksh\\Desktop\\Brideglabz_projects\\fundo\\fundo-app\\node_modules\\@babel\\runtime\\helpers\\regeneratorRuntime.js","function":"Generator.next","line":74,"method":"next","native":false},{"column":17,"file":"C:\\Users\\raksh\\Desktop\\Brideglabz_projects\\fundo\\fundo-app\\node_modules\\@babel\\runtime\\helpers\\asyncToGenerator.js","function":"asyncGeneratorStep","line":3,"method":null,"native":false},{"column":9,"file":"C:\\Users\\raksh\\Desktop\\Brideglabz_projects\\fundo\\fundo-app\\node_modules\\@babel\\runtime\\helpers\\asyncToGenerator.js","function":"_next","line":17,"method":null,"native":false}]}
info: ::1 - - [10/Feb/2025:09:57:31 +0000] "POST /api/v1/users/register HTTP/1.1" 201 49 "-" "PostmanRuntime/7.43.0"

error: uncaughtException: User.create is not a function
TypeError: User.create is not a function
    at _callee$ (C:\Users\raksh\Desktop\Brideglabz_projects\fundo\fundo-app\src\services\/user.service.js:10:33)
    at tryCatch (C:\Users\raksh\Desktop\Brideglabz_projects\fundo\fundo-app\node_modules\@babel\runtime\helpers\regeneratorRuntime.js:45:16)
    at Generator.<anonymous> (C:\Users\raksh\Desktop\Brideglabz_projects\fundo\fundo-app\node_modules\@babel\runtime\helpers\regeneratorRuntime.js:133:17)
    at Generator.next (C:\Users\raksh\Desktop\Brideglabz_projects\fundo\fundo-app\node_modules\@babel\runtime\helpers\regeneratorRuntime.js:74:21)
    at asyncGeneratorStep (C:\Users\raksh\Desktop\Brideglabz_projects\fundo\fundo-app\node_modules\@babel\runtime\helpers\asyncToGenerator.js:3:17)
    at _next (C:\Users\raksh\Desktop\Brideglabz_projects\fundo\fundo-app\node_modules\@babel\runtime\helpers\asyncToGenerator.js:17:9)
    at C:\Users\raksh\Desktop\Brideglabz_projects\fundo\fundo-app\node_modules\@babel\runtime\helpers\asyncToGenerator.js:22:7
    at new Promise (<anonymous>)
    at apply (C:\Users\raksh\Desktop\Brideglabz_projects\fundo\fundo-app\node_modules\@babel\runtime\helpers\asyncToGenerator.js:14:12)
    at C:\Users\raksh\Desktop\Brideglabz_projects\fundo\fundo-app\src\services\/user.service.js:22:2
    at _callee$ (C:\Users\raksh\Desktop\Brideglabz_projects\fundo\fundo-app\src\controllers\/user.controller.js:19:36)
    at tryCatch (C:\Users\raksh\Desktop\Brideglabz_projects\fundo\fundo-app\node_modules\@babel\runtime\helpers\regeneratorRuntime.js:45:16)
    at Generator.<anonymous> (C:\Users\raksh\Desktop\Brideglabz_projects\fundo\fundo-app\node_modules\@babel\runtime\helpers\regeneratorRuntime.js:133:17)
    at Generator.next (C:\Users\raksh\Desktop\Brideglabz_projects\fundo\fundo-app\node_modules\@babel\runtime\helpers\regeneratorRuntime.js:74:21)
    at asyncGeneratorStep (C:\Users\raksh\Desktop\Brideglabz_projects\fundo\fundo-app\node_modules\@babel\runtime\helpers\asyncToGenerator.js:3:17)
    at _next (C:\Users\raksh\Desktop\Brideglabz_projects\fundo\fundo-app\node_modules\@babel\runtime\helpers\asyncToGenerator.js:17:9) {"date":"Mon Feb 10 2025 15:27:31 GMT+0530 (India Standard Time)","error":{},"exception":true,"os":{"loadavg":[0,0,0],"uptime":626204.906},"process":{"argv":["node","C:\\Users\\raksh\\Desktop\\Brideglabz_projects\\fundo\\fundo-app\\src\\index.js"],"cwd":"C:\\Users\\raksh\\Desktop\\Brideglabz_projects\\fundo\\fundo-app","execPath":"C:\\Program Files\\nodejs\\node.exe","gid":null,"memoryUsage":{"arrayBuffers":18288026,"external":21346778,"heapTotal":94564352,"heapUsed":53523208,"rss":138149888},"pid":18996,"uid":null,"version":"v22.12.0"},"stack":"TypeError: User.create is not a function\n    at _callee$ (C:\\Users\\raksh\\Desktop\\Brideglabz_projects\\fundo\\fundo-app\\src\\services\\/user.service.js:10:33)\n    at tryCatch (C:\\Users\\raksh\\Desktop\\Brideglabz_projects\\fundo\\fundo-app\\node_modules\\@babel\\runtime\\helpers\\regeneratorRuntime.js:45:16)\n    at Generator.<anonymous> (C:\\Users\\raksh\\Desktop\\Brideglabz_projects\\fundo\\fundo-app\\node_modules\\@babel\\runtime\\helpers\\regeneratorRuntime.js:133:17)\n    at Generator.next (C:\\Users\\raksh\\Desktop\\Brideglabz_projects\\fundo\\fundo-app\\node_modules\\@babel\\runtime\\helpers\\regeneratorRuntime.js:74:21)\n    at asyncGeneratorStep (C:\\Users\\raksh\\Desktop\\Brideglabz_projects\\fundo\\fundo-app\\node_modules\\@babel\\runtime\\helpers\\asyncToGenerator.js:3:17)\n    at _next (C:\\Users\\raksh\\Desktop\\Brideglabz_projects\\fundo\\fundo-app\\node_modules\\@babel\\runtime\\helpers\\asyncToGenerator.js:17:9)\n    at C:\\Users\\raksh\\Desktop\\Brideglabz_projects\\fundo\\fundo-app\\node_modules\\@babel\\runtime\\helpers\\asyncToGenerator.js:22:7\n    at new Promise (<anonymous>)\n    at apply (C:\\Users\\raksh\\Desktop\\Brideglabz_projects\\fundo\\fundo-app\\node_modules\\@babel\\runtime\\helpers\\asyncToGenerator.js:14:12)\n    at C:\\Users\\raksh\\Desktop\\Brideglabz_projects\\fundo\\fundo-app\\src\\services\\/user.service.js:22:2\n    at _callee$ (C:\\Users\\raksh\\Desktop\\Brideglabz_projects\\fundo\\fundo-app\\src\\controllers\\/user.controller.js:19:36)\n    at tryCatch (C:\\Users\\raksh\\Desktop\\Brideglabz_projects\\fundo\\fundo-app\\node_modules\\@babel\\runtime\\helpers\\regeneratorRuntime.js:45:16)\n    at Generator.<anonymous> (C:\\Users\\raksh\\Desktop\\Brideglabz_projects\\fundo\\fundo-app\\node_modules\\@babel\\runtime\\helpers\\regeneratorRuntime.js:133:17)\n    at Generator.next (C:\\Users\\raksh\\Desktop\\Brideglabz_projects\\fundo\\fundo-app\\node_modules\\@babel\\runtime\\helpers\\regeneratorRuntime.js:74:21)\n    at asyncGeneratorStep (C:\\Users\\raksh\\Desktop\\Brideglabz_projects\\fundo\\fundo-app\\node_modules\\@babel\\runtime\\helpers\\asyncToGenerator.js:3:17)\n    at _next (C:\\Users\\raksh\\Desktop\\Brideglabz_projects\\fundo\\fundo-app\\node_modules\\@babel\\runtime\\helpers\\asyncToGenerator.js:17:9)","trace":[{"column":33,"file":"C:\\Users\\raksh\\Desktop\\Brideglabz_projects\\fundo\\fundo-app\\src\\services\\/user.service.js","function":"_callee$","line":10,"method":null,"native":false},{"column":16,"file":"C:\\Users\\raksh\\Desktop\\Brideglabz_projects\\fundo\\fundo-app\\node_modules\\@babel\\runtime\\helpers\\regeneratorRuntime.js","function":"tryCatch","line":45,"method":null,"native":false},{"column":17,"file":"C:\\Users\\raksh\\Desktop\\Brideglabz_projects\\fundo\\fundo-app\\node_modules\\@babel\\runtime\\helpers\\regeneratorRuntime.js","function":null,"line":133,"method":null,"native":false},{"column":21,"file":"C:\\Users\\raksh\\Desktop\\Brideglabz_projects\\fundo\\fundo-app\\node_modules\\@babel\\runtime\\helpers\\regeneratorRuntime.js","function":"Generator.next","line":74,"method":"next","native":false},{"column":17,"file":"C:\\Users\\raksh\\Desktop\\Brideglabz_projects\\fundo\\fundo-app\\node_modules\\@babel\\runtime\\helpers\\asyncToGenerator.js","function":"asyncGeneratorStep","line":3,"method":null,"native":false},{"column":9,"file":"C:\\Users\\raksh\\Desktop\\Brideglabz_projects\\fundo\\fundo-app\\node_modules\\@babel\\runtime\\helpers\\asyncToGenerator.js","function":"_next","line":17,"method":null,"native":false},{"column":7,"file":"C:\\Users\\raksh\\Desktop\\Brideglabz_projects\\fundo\\fundo-app\\node_modules\\@babel\\runtime\\helpers\\asyncToGenerator.js","function":null,"line":22,"method":null,"native":false},{"column":null,"file":null,"function":"new Promise","line":null,"method":null,"native":false},{"column":12,"file":"C:\\Users\\raksh\\Desktop\\Brideglabz_projects\\fundo\\fundo-app\\node_modules\\@babel\\runtime\\helpers\\asyncToGenerator.js","function":"apply","line":14,"method":null,"native":false},{"column":2,"file":"C:\\Users\\raksh\\Desktop\\Brideglabz_projects\\fundo\\fundo-app\\src\\services\\/user.service.js","function":null,"line":22,"method":null,"native":false},{"column":36,"file":"C:\\Users\\raksh\\Desktop\\Brideglabz_projects\\fundo\\fundo-app\\src\\controllers\\/user.controller.js","function":"_callee$","line":19,"method":null,"native":false},{"column":16,"file":"C:\\Users\\raksh\\Desktop\\Brideglabz_projects\\fundo\\fundo-app\\node_modules\\@babel\\runtime\\helpers\\regeneratorRuntime.js","function":"tryCatch","line":45,"method":null,"native":false},{"column":17,"file":"C:\\Users\\raksh\\Desktop\\Brideglabz_projects\\fundo\\fundo-app\\node_modules\\@babel\\runtime\\helpers\\regeneratorRuntime.js","function":null,"line":133,"method":null,"native":false},{"column":21,"file":"C:\\Users\\raksh\\Desktop\\Brideglabz_projects\\fundo\\fundo-app\\node_modules\\@babel\\runtime\\helpers\\regeneratorRuntime.js","function":"Generator.next","line":74,"method":"next","native":false},{"column":17,"file":"C:\\Users\\raksh\\Desktop\\Brideglabz_projects\\fundo\\fundo-app\\node_modules\\@babel\\runtime\\helpers\\asyncToGenerator.js","function":"asyncGeneratorStep","line":3,"method":null,"native":false},{"column":9,"file":"C:\\Users\\raksh\\Desktop\\Brideglabz_projects\\fundo\\fundo-app\\node_modules\\@babel\\runtime\\helpers\\asyncToGenerator.js","function":"_next","line":17,"method":null,"native":false}]}
info: ::1 - - [10/Feb/2025:09:58:29 +0000] "POST /api/v1/users/register HTTP/1.1" 500 43 "-" "PostmanRuntime/7.43.0"

info: ::1 - - [10/Feb/2025:09:59:56 +0000] "POST /api/v1/users/register HTTP/1.1" 201 284 "-" "PostmanRuntime/7.43.0"

info: ::1 - - [10/Feb/2025:10:06:30 +0000] "POST /api/v1/users/register HTTP/1.1" 400 60 "-" "PostmanRuntime/7.43.0"

info: ::1 - - [10/Feb/2025:10:14:51 +0000] "POST /api/v1/users/register HTTP/1.1" 400 60 "-" "PostmanRuntime/7.43.0"

info: ::1 - - [10/Feb/2025:10:15:13 +0000] "POST /api/v1/users/register HTTP/1.1" 201 288 "-" "PostmanRuntime/7.43.0"

error: uncaughtException: listen EADDRINUSE: address already in use :::4000
Error: listen EADDRINUSE: address already in use :::4000
    at Server.setupListenHandle [as _listen2] (node:net:1912:16)
    at listenInCluster (node:net:1969:12)
    at Server.listen (node:net:2074:7)
    at Function.listen (C:\Users\raksh\Desktop\Brideglabz_projects\fundo\fundo-app\node_modules\express\lib\application.js:635:24)
    at Object.<anonymous> (C:\Users\raksh\Desktop\Brideglabz_projects\fundo\fundo-app\src\/index.js:37:5)
    at Module._compile (node:internal/modules/cjs/loader:1565:14)
    at Module._compile (C:\Users\raksh\Desktop\Brideglabz_projects\fundo\fundo-app\node_modules\pirates\lib\index.js:117:24)
    at node:internal/modules/cjs/loader:1708:10
    at Object.newLoader [as .js] (C:\Users\raksh\Desktop\Brideglabz_projects\fundo\fundo-app\node_modules\pirates\lib\index.js:121:7)
    at Module.load (node:internal/modules/cjs/loader:1318:32)
    at Function._load (node:internal/modules/cjs/loader:1128:12)
    at TracingChannel.traceSync (node:diagnostics_channel:322:14)
    at wrapModuleLoad (node:internal/modules/cjs/loader:219:24)
    at Function.runMain (node:internal/modules/run_main:170:5)
    at Object.<anonymous> (C:\Users\raksh\Desktop\Brideglabz_projects\fundo\fundo-app\node_modules\@babel\node\src\_babel-node.ts:159:12)
    at Module._compile (node:internal/modules/cjs/loader:1565:14)
    at Object.<anonymous> (node:internal/modules/cjs/loader:1708:10)
    at Module.load (node:internal/modules/cjs/loader:1318:32)
    at Function._load (node:internal/modules/cjs/loader:1128:12)
    at TracingChannel.traceSync (node:diagnostics_channel:322:14)
    at wrapModuleLoad (node:internal/modules/cjs/loader:219:24)
    at Function.executeUserEntryPoint [as runMain] (node:internal/modules/run_main:170:5)
    at node:internal/main/run_main_module:36:49 {"date":"Mon Feb 10 2025 15:46:03 GMT+0530 (India Standard Time)","error":{"address":"::","code":"EADDRINUSE","errno":-4091,"port":4000,"syscall":"listen"},"exception":true,"os":{"loadavg":[0,0,0],"uptime":627316.484},"process":{"argv":["node","C:\\Users\\raksh\\Desktop\\Brideglabz_projects\\fundo\\fundo-app\\src\\index.js"],"cwd":"C:\\Users\\raksh\\Desktop\\Brideglabz_projects\\fundo\\fundo-app","execPath":"C:\\Program Files\\nodejs\\node.exe","gid":null,"memoryUsage":{"arrayBuffers":18285993,"external":21344745,"heapTotal":90652672,"heapUsed":58987352,"rss":135180288},"pid":21848,"uid":null,"version":"v22.12.0"},"stack":"Error: listen EADDRINUSE: address already in use :::4000\n    at Server.setupListenHandle [as _listen2] (node:net:1912:16)\n    at listenInCluster (node:net:1969:12)\n    at Server.listen (node:net:2074:7)\n    at Function.listen (C:\\Users\\raksh\\Desktop\\Brideglabz_projects\\fundo\\fundo-app\\node_modules\\express\\lib\\application.js:635:24)\n    at Object.<anonymous> (C:\\Users\\raksh\\Desktop\\Brideglabz_projects\\fundo\\fundo-app\\src\\/index.js:37:5)\n    at Module._compile (node:internal/modules/cjs/loader:1565:14)\n    at Module._compile (C:\\Users\\raksh\\Desktop\\Brideglabz_projects\\fundo\\fundo-app\\node_modules\\pirates\\lib\\index.js:117:24)\n    at node:internal/modules/cjs/loader:1708:10\n    at Object.newLoader [as .js] (C:\\Users\\raksh\\Desktop\\Brideglabz_projects\\fundo\\fundo-app\\node_modules\\pirates\\lib\\index.js:121:7)\n    at Module.load (node:internal/modules/cjs/loader:1318:32)\n    at Function._load (node:internal/modules/cjs/loader:1128:12)\n    at TracingChannel.traceSync (node:diagnostics_channel:322:14)\n    at wrapModuleLoad (node:internal/modules/cjs/loader:219:24)\n    at Function.runMain (node:internal/modules/run_main:170:5)\n    at Object.<anonymous> (C:\\Users\\raksh\\Desktop\\Brideglabz_projects\\fundo\\fundo-app\\node_modules\\@babel\\node\\src\\_babel-node.ts:159:12)\n    at Module._compile (node:internal/modules/cjs/loader:1565:14)\n    at Object.<anonymous> (node:internal/modules/cjs/loader:1708:10)\n    at Module.load (node:internal/modules/cjs/loader:1318:32)\n    at Function._load (node:internal/modules/cjs/loader:1128:12)\n    at TracingChannel.traceSync (node:diagnostics_channel:322:14)\n    at wrapModuleLoad (node:internal/modules/cjs/loader:219:24)\n    at Function.executeUserEntryPoint [as runMain] (node:internal/modules/run_main:170:5)\n    at node:internal/main/run_main_module:36:49","trace":[{"column":16,"file":"node:net","function":"Server.setupListenHandle [as _listen2]","line":1912,"method":"setupListenHandle [as _listen2]","native":false},{"column":12,"file":"node:net","function":"listenInCluster","line":1969,"method":null,"native":false},{"column":7,"file":"node:net","function":"Server.listen","line":2074,"method":"listen","native":false},{"column":24,"file":"C:\\Users\\raksh\\Desktop\\Brideglabz_projects\\fundo\\fundo-app\\node_modules\\express\\lib\\application.js","function":"Function.listen","line":635,"method":"listen","native":false},{"column":5,"file":"C:\\Users\\raksh\\Desktop\\Brideglabz_projects\\fundo\\fundo-app\\src\\/index.js","function":null,"line":37,"method":null,"native":false},{"column":14,"file":"node:internal/modules/cjs/loader","function":"Module._compile","line":1565,"method":"_compile","native":false},{"column":24,"file":"C:\\Users\\raksh\\Desktop\\Brideglabz_projects\\fundo\\fundo-app\\node_modules\\pirates\\lib\\index.js","function":"Module._compile","line":117,"method":"_compile","native":false},{"column":10,"file":"node:internal/modules/cjs/loader","function":null,"line":1708,"method":null,"native":false},{"column":7,"file":"C:\\Users\\raksh\\Desktop\\Brideglabz_projects\\fundo\\fundo-app\\node_modules\\pirates\\lib\\index.js","function":"Object.newLoader [as .js]","line":121,"method":"js]","native":false},{"column":32,"file":"node:internal/modules/cjs/loader","function":"Module.load","line":1318,"method":"load","native":false},{"column":12,"file":"node:internal/modules/cjs/loader","function":"Function._load","line":1128,"method":"_load","native":false},{"column":14,"file":"node:diagnostics_channel","function":"TracingChannel.traceSync","line":322,"method":"traceSync","native":false},{"column":24,"file":"node:internal/modules/cjs/loader","function":"wrapModuleLoad","line":219,"method":null,"native":false},{"column":5,"file":"node:internal/modules/run_main","function":"Function.runMain","line":170,"method":"runMain","native":false},{"column":12,"file":"C:\\Users\\raksh\\Desktop\\Brideglabz_projects\\fundo\\fundo-app\\node_modules\\@babel\\node\\src\\_babel-node.ts","function":null,"line":159,"method":null,"native":false},{"column":14,"file":"node:internal/modules/cjs/loader","function":"Module._compile","line":1565,"method":"_compile","native":false},{"column":10,"file":"node:internal/modules/cjs/loader","function":null,"line":1708,"method":null,"native":false},{"column":32,"file":"node:internal/modules/cjs/loader","function":"Module.load","line":1318,"method":"load","native":false},{"column":12,"file":"node:internal/modules/cjs/loader","function":"Function._load","line":1128,"method":"_load","native":false},{"column":14,"file":"node:diagnostics_channel","function":"TracingChannel.traceSync","line":322,"method":"traceSync","native":false},{"column":24,"file":"node:internal/modules/cjs/loader","function":"wrapModuleLoad","line":219,"method":null,"native":false},{"column":5,"file":"node:internal/modules/run_main","function":"Function.executeUserEntryPoint [as runMain]","line":170,"method":"executeUserEntryPoint [as runMain]","native":false},{"column":49,"file":"node:internal/main/run_main_module","function":null,"line":36,"method":null,"native":false}]}
info: ::1 - - [10/Feb/2025:10:16:33 +0000] "POST /api/v1/users/register HTTP/1.1" 201 299 "-" "PostmanRuntime/7.43.0"

info: ::1 - - [10/Feb/2025:10:18:03 +0000] "POST /api/v1/users/register HTTP/1.1" 500 43 "-" "PostmanRuntime/7.43.0"

info: ::1 - - [10/Feb/2025:10:18:17 +0000] "POST /api/v1/users/register HTTP/1.1" 400 33 "-" "PostmanRuntime/7.43.0"

info: ::1 - - [10/Feb/2025:10:18:35 +0000] "POST /api/v1/users/register HTTP/1.1" 400 44 "-" "PostmanRuntime/7.43.0"

